  functions.c
C:\Users\Liza\Desktop\C\Project3\Project3\functions.c(14,15): warning C4013: 'rand' undefined; assuming extern returning int
  main.c
C:\Users\Liza\Desktop\C\Project3\Project3\main.c(37,2): warning C4013: 'system' undefined; assuming extern returning int
C:\Users\Liza\Desktop\C\Project3\Project3\main.c(68,28): warning C4244: 'function': conversion from 'float' to 'int', possible loss of data
C:\Users\Liza\Desktop\C\Project3\Project3\main.c(71,6): warning C4013: 'Sleep' undefined; assuming extern returning int
C:\Users\Liza\Desktop\C\Project3\Project3\main.c(80,28): warning C4244: 'function': conversion from 'float' to 'int', possible loss of data
C:\Users\Liza\Desktop\C\Project3\Project3\main.c(90,28): warning C4244: 'function': conversion from 'float' to 'int', possible loss of data
C:\Users\Liza\Desktop\C\Project3\Project3\main.c(102,28): warning C4244: 'function': conversion from 'float' to 'int', possible loss of data
C:\Users\Liza\Desktop\C\Project3\Project3\main.c(112,28): warning C4244: 'function': conversion from 'float' to 'int', possible loss of data
C:\Users\Liza\Desktop\C\Project3\Project3\main.c(127,21): warning C4305: '=': truncation from 'double' to 'float'
C:\Users\Liza\Desktop\C\Project3\Project3\main.c(142,28): warning C4244: 'function': conversion from 'float' to 'int', possible loss of data
C:\Users\Liza\Desktop\C\Project3\Project3\main.c(153,28): warning C4244: 'function': conversion from 'float' to 'int', possible loss of data
C:\Users\Liza\Desktop\C\Project3\Project3\main.c(163,28): warning C4244: 'function': conversion from 'float' to 'int', possible loss of data
C:\Users\Liza\Desktop\C\Project3\Project3\main.c(175,28): warning C4244: 'function': conversion from 'float' to 'int', possible loss of data
C:\Users\Liza\Desktop\C\Project3\Project3\main.c(185,28): warning C4244: 'function': conversion from 'float' to 'int', possible loss of data
C:\Users\Liza\Desktop\C\Project3\Project3\main.c(200,21): warning C4305: '=': truncation from 'double' to 'float'
C:\Users\Liza\Desktop\C\Project3\Project3\main.c(215,28): warning C4244: 'function': conversion from 'float' to 'int', possible loss of data
C:\Users\Liza\Desktop\C\Project3\Project3\main.c(226,28): warning C4244: 'function': conversion from 'float' to 'int', possible loss of data
C:\Users\Liza\Desktop\C\Project3\Project3\main.c(236,28): warning C4244: 'function': conversion from 'float' to 'int', possible loss of data
C:\Users\Liza\Desktop\C\Project3\Project3\main.c(248,28): warning C4244: 'function': conversion from 'float' to 'int', possible loss of data
C:\Users\Liza\Desktop\C\Project3\Project3\main.c(258,28): warning C4244: 'function': conversion from 'float' to 'int', possible loss of data
C:\Users\Liza\Desktop\C\Project3\Project3\main.c(273,21): warning C4305: '=': truncation from 'double' to 'float'
C:\Users\Liza\Desktop\C\Project3\Project3\main.c(288,28): warning C4244: 'function': conversion from 'float' to 'int', possible loss of data
C:\Users\Liza\Desktop\C\Project3\Project3\main.c(299,28): warning C4244: 'function': conversion from 'float' to 'int', possible loss of data
C:\Users\Liza\Desktop\C\Project3\Project3\main.c(309,28): warning C4244: 'function': conversion from 'float' to 'int', possible loss of data
C:\Users\Liza\Desktop\C\Project3\Project3\main.c(321,28): warning C4244: 'function': conversion from 'float' to 'int', possible loss of data
C:\Users\Liza\Desktop\C\Project3\Project3\main.c(331,28): warning C4244: 'function': conversion from 'float' to 'int', possible loss of data
C:\Users\Liza\Desktop\C\Project3\Project3\main.c(346,21): warning C4305: '=': truncation from 'double' to 'float'
C:\Users\Liza\Desktop\C\Project3\Project3\main.c(361,28): warning C4244: 'function': conversion from 'float' to 'int', possible loss of data
C:\Users\Liza\Desktop\C\Project3\Project3\main.c(372,28): warning C4244: 'function': conversion from 'float' to 'int', possible loss of data
C:\Users\Liza\Desktop\C\Project3\Project3\main.c(382,28): warning C4244: 'function': conversion from 'float' to 'int', possible loss of data
C:\Users\Liza\Desktop\C\Project3\Project3\main.c(394,28): warning C4244: 'function': conversion from 'float' to 'int', possible loss of data
C:\Users\Liza\Desktop\C\Project3\Project3\main.c(404,28): warning C4244: 'function': conversion from 'float' to 'int', possible loss of data
C:\Users\Liza\Desktop\C\Project3\Project3\main.c(467,36): warning C4244: 'initializing': conversion from 'double' to 'float', possible loss of data
  Generating Code...
  Project3.vcxproj -> C:\Users\Liza\Desktop\C\Project3\x64\Debug\Project3.exe
